{"/media/pseudorandomguy/608E436B8E4338B4/Workstations/personal/unit_testing/unit-testing-express-mongo/test":{"path":"/media/pseudorandomguy/608E436B8E4338B4/Workstations/personal/unit_testing/unit-testing-express-mongo/test","s":{"1":1,"2":1,"3":1,"4":1,"5":1,"6":1,"7":0,"8":1},"b":{},"f":{"1":1,"2":0},"fnMap":{"1":{"name":"dbconnect","line":4,"loc":{"start":{"line":4,"column":0},"end":{"line":4,"column":21}}},"2":{"name":"dbclose","line":9,"loc":{"start":{"line":9,"column":2},"end":{"line":9,"column":21}}}},"statementMap":{"1":{"start":{"line":1,"column":0},"end":{"line":1,"column":38}},"2":{"start":{"line":2,"column":0},"end":{"line":2,"column":58}},"3":{"start":{"line":4,"column":0},"end":{"line":7,"column":3}},"4":{"start":{"line":5,"column":4},"end":{"line":5,"column":127}},"5":{"start":{"line":6,"column":4},"end":{"line":6,"column":30}},"6":{"start":{"line":9,"column":2},"end":{"line":11,"column":3}},"7":{"start":{"line":10,"column":4},"end":{"line":10,"column":33}},"8":{"start":{"line":13,"column":0},"end":{"line":13,"column":38}}},"branchMap":{}},"/media/pseudorandomguy/608E436B8E4338B4/Workstations/personal/unit_testing/unit-testing-express-mongo/app.js":{"path":"/media/pseudorandomguy/608E436B8E4338B4/Workstations/personal/unit_testing/unit-testing-express-mongo/app.js","s":{"1":1,"2":1,"3":1,"4":1,"5":1,"6":0,"7":1,"8":1,"9":0,"10":0,"11":0,"12":1,"13":0,"14":0,"15":0,"16":0,"17":0,"18":1,"19":0,"20":0,"21":0,"22":0,"23":0,"24":1,"25":0,"26":0,"27":0,"28":0,"29":0,"30":1,"31":0,"32":1},"b":{"1":[0,0],"2":[0,0],"3":[0,0]},"f":{},"fnMap":{},"statementMap":{"1":{"start":{"line":3,"column":0},"end":{"line":5,"column":45}},"2":{"start":{"line":7,"column":0},"end":{"line":7,"column":27}},"3":{"start":{"line":8,"column":0},"end":{"line":8,"column":49}},"4":{"start":{"line":10,"column":0},"end":{"line":10,"column":55}},"5":{"start":{"line":11,"column":0},"end":{"line":12,"column":77}},"6":{"start":{"line":12,"column":38},"end":{"line":12,"column":76}},"7":{"start":{"line":14,"column":0},"end":{"line":14,"column":43}},"8":{"start":{"line":19,"column":0},"end":{"line":24,"column":2}},"9":{"start":{"line":20,"column":4},"end":{"line":23,"column":50}},"10":{"start":{"line":22,"column":24},"end":{"line":22,"column":50}},"11":{"start":{"line":23,"column":24},"end":{"line":23,"column":49}},"12":{"start":{"line":27,"column":0},"end":{"line":37,"column":2}},"13":{"start":{"line":28,"column":4},"end":{"line":36,"column":54}},"14":{"start":{"line":30,"column":16},"end":{"line":34,"column":17}},"15":{"start":{"line":31,"column":20},"end":{"line":31,"column":46}},"16":{"start":{"line":33,"column":20},"end":{"line":33,"column":64}},"17":{"start":{"line":36,"column":28},"end":{"line":36,"column":53}},"18":{"start":{"line":40,"column":0},"end":{"line":50,"column":2}},"19":{"start":{"line":41,"column":4},"end":{"line":49,"column":54}},"20":{"start":{"line":43,"column":16},"end":{"line":47,"column":17}},"21":{"start":{"line":44,"column":20},"end":{"line":44,"column":47}},"22":{"start":{"line":46,"column":20},"end":{"line":46,"column":64}},"23":{"start":{"line":49,"column":28},"end":{"line":49,"column":53}},"24":{"start":{"line":53,"column":0},"end":{"line":63,"column":2}},"25":{"start":{"line":54,"column":4},"end":{"line":62,"column":54}},"26":{"start":{"line":56,"column":16},"end":{"line":60,"column":17}},"27":{"start":{"line":57,"column":20},"end":{"line":57,"column":46}},"28":{"start":{"line":59,"column":20},"end":{"line":59,"column":65}},"29":{"start":{"line":62,"column":28},"end":{"line":62,"column":53}},"30":{"start":{"line":65,"column":0},"end":{"line":65,"column":66}},"31":{"start":{"line":65,"column":23},"end":{"line":65,"column":65}},"32":{"start":{"line":67,"column":0},"end":{"line":67,"column":21}}},"branchMap":{"1":{"line":30,"type":"if","locations":[{"start":{"line":30,"column":16},"end":{"line":30,"column":16}},{"start":{"line":30,"column":16},"end":{"line":30,"column":16}}]},"2":{"line":43,"type":"if","locations":[{"start":{"line":43,"column":16},"end":{"line":43,"column":16}},{"start":{"line":43,"column":16},"end":{"line":43,"column":16}}]},"3":{"line":56,"type":"if","locations":[{"start":{"line":56,"column":16},"end":{"line":56,"column":16}},{"start":{"line":56,"column":16},"end":{"line":56,"column":16}}]}}},"/media/pseudorandomguy/608E436B8E4338B4/Workstations/personal/unit_testing/unit-testing-express-mongo/models/student.js":{"path":"/media/pseudorandomguy/608E436B8E4338B4/Workstations/personal/unit_testing/unit-testing-express-mongo/models/student.js","s":{"1":1,"2":1,"3":1,"4":1},"b":{},"f":{},"fnMap":{},"statementMap":{"1":{"start":{"line":1,"column":0},"end":{"line":1,"column":36}},"2":{"start":{"line":3,"column":0},"end":{"line":7,"column":2}},"3":{"start":{"line":9,"column":0},"end":{"line":9,"column":59}},"4":{"start":{"line":11,"column":0},"end":{"line":11,"column":25}}},"branchMap":{}}}