TN:
SF:/media/pseudorandomguy/608E436B8E4338B4/Workstations/personal/unit_testing/unit-testing-express-mongo/helpers/dbConnect.js
FN:4,dbconnect
FN:9,dbclose
FNF:2
FNH:1
FNDA:1,dbconnect
FNDA:0,dbclose
DA:1,1
DA:2,1
DA:4,1
DA:5,1
DA:6,1
DA:9,1
DA:10,0
DA:13,1
LF:8
LH:7
BRF:0
BRH:0
end_of_record
TN:
SF:/media/pseudorandomguy/608E436B8E4338B4/Workstations/personal/unit_testing/unit-testing-express-mongo/app.js
FNF:0
FNH:0
DA:3,1
DA:7,1
DA:8,1
DA:10,1
DA:11,1
DA:12,0
DA:14,1
DA:19,1
DA:20,0
DA:22,0
DA:23,0
DA:27,1
DA:28,0
DA:30,0
DA:31,0
DA:33,0
DA:36,0
DA:40,1
DA:41,0
DA:43,0
DA:44,0
DA:46,0
DA:49,0
DA:53,1
DA:54,0
DA:56,0
DA:57,0
DA:59,0
DA:62,0
DA:65,1
DA:67,1
LF:31
LH:12
BRDA:30,1,0,0
BRDA:30,1,1,0
BRDA:43,2,0,0
BRDA:43,2,1,0
BRDA:56,3,0,0
BRDA:56,3,1,0
BRF:6
BRH:0
end_of_record
TN:
SF:/media/pseudorandomguy/608E436B8E4338B4/Workstations/personal/unit_testing/unit-testing-express-mongo/models/student.js
FNF:0
FNH:0
DA:1,1
DA:3,1
DA:9,1
DA:11,1
LF:4
LH:4
BRF:0
BRH:0
end_of_record
